<?xml version="1.0" encoding="UTF-8"?>
<coverage generated="1647898531480" clover="3.2.0">
  <project timestamp="1647898531480" name="All files">
    <metrics statements="10" coveredstatements="8" conditionals="4" coveredconditionals="2" methods="1" coveredmethods="1" elements="15" coveredelements="11" complexity="0" loc="10" ncloc="10" packages="1" files="1" classes="1"/>
    <file name="utility.js" path="C:\Users\Marco\Documents\GitHub\project-web-actions\utility.js">
      <metrics statements="10" coveredstatements="8" conditionals="4" coveredconditionals="2" methods="1" coveredmethods="1"/>
      <line num="4" count="1" type="stmt"/>
      <line num="6" count="1" type="stmt"/>
      <line num="8" count="1" type="cond" truecount="1" falsecount="1"/>
      <line num="10" count="0" type="stmt"/>
      <line num="13" count="1" type="stmt"/>
      <line num="16" count="1" type="cond" truecount="1" falsecount="1"/>
      <line num="18" count="1" type="stmt"/>
      <line num="20" count="0" type="stmt"/>
      <line num="22" count="1" type="stmt"/>
      <line num="25" count="1" type="stmt"/>
    </file>
  </project>
</coverage>
