{"C:\\Users\\Marco\\Documents\\GitHub\\project-web-actions\\utility.js": {"path":"C:\\Users\\Marco\\Documents\\GitHub\\project-web-actions\\utility.js","statementMap":{"0":{"start":{"line":4,"column":15},"end":{"line":4,"column":28}},"1":{"start":{"line":6,"column":15},"end":{"line":6,"column":24}},"2":{"start":{"line":8,"column":4},"end":{"line":14,"column":5}},"3":{"start":{"line":10,"column":8},"end":{"line":10,"column":48}},"4":{"start":{"line":13,"column":8},"end":{"line":13,"column":36}},"5":{"start":{"line":16,"column":4},"end":{"line":21,"column":5}},"6":{"start":{"line":18,"column":6},"end":{"line":18,"column":35}},"7":{"start":{"line":20,"column":6},"end":{"line":20,"column":43}},"8":{"start":{"line":22,"column":4},"end":{"line":22,"column":15}},"9":{"start":{"line":25,"column":0},"end":{"line":25,"column":28}}},"fnMap":{"0":{"name":"getAppPath","decl":{"start":{"line":1,"column":9},"end":{"line":1,"column":19}},"loc":{"start":{"line":1,"column":21},"end":{"line":23,"column":1}},"line":1}},"branchMap":{"0":{"loc":{"start":{"line":8,"column":4},"end":{"line":14,"column":5}},"type":"if","locations":[{"start":{"line":8,"column":4},"end":{"line":14,"column":5}},{"start":{"line":11,"column":11},"end":{"line":14,"column":5}}],"line":8},"1":{"loc":{"start":{"line":16,"column":4},"end":{"line":21,"column":5}},"type":"if","locations":[{"start":{"line":16,"column":4},"end":{"line":21,"column":5}},{"start":{"line":19,"column":11},"end":{"line":21,"column":5}}],"line":16}},"s":{"0":1,"1":1,"2":1,"3":0,"4":1,"5":1,"6":1,"7":0,"8":1,"9":1},"f":{"0":1},"b":{"0":[0,1],"1":[1,0]},"_coverageSchema":"1a1c01bbd47fc00a2c39e90264f33305004495a9","hash":"5bd111dd09ef0cd9b12a9982c831420ef3af70f4"}
}
